   ▲ Next.js 15.4.4
   - Local:        http://localhost:3000
   - Network:      http://89.169.3.11:3000

 ✓ Starting...
   ▲ Next.js 15.4.4
   - Local:        http://localhost:3000
   - Network:      http://89.169.3.11:3000

 ✓ Starting...
   ▲ Next.js 15.4.4
   - Local:        http://localhost:3000
   - Network:      http://89.169.3.11:3000

 ✓ Starting...
   ▲ Next.js 15.4.4
   - Local:        http://localhost:3000
   - Network:      http://89.169.3.11:3000

 ✓ Starting...
   ▲ Next.js 15.4.4
   - Local:        http://localhost:3000
   - Network:      http://89.169.3.11:3000

 ✓ Starting...
   ▲ Next.js 15.4.4
   - Local:        http://localhost:3000
   - Network:      http://89.169.3.11:3000

 ✓ Starting...
   ▲ Next.js 15.4.4
   - Local:        http://localhost:3000
   - Network:      http://89.169.3.11:3000

 ✓ Starting...
   ▲ Next.js 15.4.4
   - Local:        http://localhost:3000
   - Network:      http://89.169.3.11:3000

 ✓ Starting...
   ▲ Next.js 15.4.4
   - Local:        http://localhost:3000
   - Network:      http://89.169.3.11:3000

 ✓ Starting...
   ▲ Next.js 15.4.4
   - Local:        http://localhost:3000
   - Network:      http://89.169.3.11:3000

 ✓ Starting...
   ▲ Next.js 15.4.4
   - Local:        http://localhost:3000
   - Network:      http://89.169.3.11:3000

 ✓ Starting...
   ▲ Next.js 15.4.4
   - Local:        http://localhost:3000
   - Network:      http://89.169.3.11:3000

 ✓ Starting...
   ▲ Next.js 15.4.4
   - Local:        http://localhost:3000
   - Network:      http://89.169.3.11:3000

 ✓ Starting...
   ▲ Next.js 15.4.4
   - Local:        http://localhost:3000
   - Network:      http://89.169.3.11:3000

 ✓ Starting...
   ▲ Next.js 15.4.4
   - Local:        http://localhost:3000
   - Network:      http://89.169.3.11:3000

 ✓ Starting...
   ▲ Next.js 15.4.4
   - Local:        http://localhost:3000
   - Network:      http://89.169.3.11:3000

 ✓ Starting...
   ▲ Next.js 15.4.4
   - Local:        http://localhost:3000
   - Network:      http://89.169.3.11:3000

 ✓ Starting...
   ▲ Next.js 15.4.4
   - Local:        http://localhost:3000
   - Network:      http://89.169.3.11:3000

 ✓ Starting...
   ▲ Next.js 15.4.4
   - Local:        http://localhost:3000
   - Network:      http://89.169.3.11:3000

 ✓ Starting...
   ▲ Next.js 15.4.4
   - Local:        http://localhost:3000
   - Network:      http://89.169.3.11:3000

 ✓ Starting...
   ▲ Next.js 15.4.4
   - Local:        http://localhost:3000
   - Network:      http://89.169.3.11:3000

 ✓ Starting...
   ▲ Next.js 15.4.4
   - Local:        http://localhost:3000
   - Network:      http://89.169.3.11:3000

 ✓ Starting...
   ▲ Next.js 15.4.4
   - Local:        http://localhost:3000
   - Network:      http://89.169.3.11:3000

 ✓ Starting...
   ▲ Next.js 15.4.4
   - Local:        http://localhost:3000
   - Network:      http://89.169.3.11:3000

 ✓ Starting...
   ▲ Next.js 15.4.4
   - Local:        http://localhost:3000
   - Network:      http://89.169.3.11:3000

 ✓ Starting...
   ▲ Next.js 15.4.4
   - Local:        http://localhost:3000
   - Network:      http://89.169.3.11:3000

 ✓ Starting...
   ▲ Next.js 15.4.4
   - Local:        http://localhost:3000
   - Network:      http://89.169.3.11:3000

 ✓ Starting...
   ▲ Next.js 15.4.4
   - Local:        http://localhost:3000
   - Network:      http://89.169.3.11:3000

 ✓ Starting...
   ▲ Next.js 15.4.4
   - Local:        http://localhost:3000
   - Network:      http://89.169.3.11:3000

 ✓ Starting...
   ▲ Next.js 15.4.4
   - Local:        http://localhost:3000
   - Network:      http://89.169.3.11:3000

 ✓ Starting...
   ▲ Next.js 15.4.4
   - Local:        http://localhost:3000
   - Network:      http://89.169.3.11:3000

 ✓ Starting...
   ▲ Next.js 15.4.4
   - Local:        http://localhost:3000
   - Network:      http://89.169.3.11:3000

 ✓ Starting...
   ▲ Next.js 15.4.4
   - Local:        http://localhost:3000
   - Network:      http://89.169.3.11:3000

 ✓ Starting...
   ▲ Next.js 15.4.4
   - Local:        http://localhost:3000
   - Network:      http://89.169.3.11:3000

 ✓ Starting...
   ▲ Next.js 15.4.4
   - Local:        http://localhost:3000
   - Network:      http://89.169.3.11:3000

 ✓ Starting...
   ▲ Next.js 15.4.4
   - Local:        http://localhost:3000
   - Network:      http://89.169.3.11:3000

 ✓ Starting...
   ▲ Next.js 15.4.4
   - Local:        http://localhost:3000
   - Network:      http://89.169.3.11:3000

 ✓ Starting...
   ▲ Next.js 15.4.4
   - Local:        http://localhost:3000
   - Network:      http://89.169.3.11:3000

 ✓ Starting...
   ▲ Next.js 15.4.4
   - Local:        http://localhost:3000
   - Network:      http://89.169.3.11:3000

 ✓ Starting...
   ▲ Next.js 15.4.4
   - Local:        http://localhost:3000
   - Network:      http://89.169.3.11:3000

 ✓ Starting...
   ▲ Next.js 15.4.4
   - Local:        http://localhost:3000
   - Network:      http://89.169.3.11:3000

 ✓ Starting...
   ▲ Next.js 15.4.4
   - Local:        http://localhost:3000
   - Network:      http://89.169.3.11:3000

 ✓ Starting...
   ▲ Next.js 15.4.4
   - Local:        http://localhost:3000
   - Network:      http://89.169.3.11:3000

 ✓ Starting...
   ▲ Next.js 15.4.4
   - Local:        http://localhost:3000
   - Network:      http://89.169.3.11:3000

 ✓ Starting...
   ▲ Next.js 15.4.4
   - Local:        http://localhost:3000
   - Network:      http://89.169.3.11:3000

 ✓ Starting...
   ▲ Next.js 15.4.4
   - Local:        http://localhost:3000
   - Network:      http://89.169.3.11:3000

 ✓ Starting...
   ▲ Next.js 15.4.4
   - Local:        http://localhost:3000
   - Network:      http://89.169.3.11:3000

 ✓ Starting...
   ▲ Next.js 15.4.4
   - Local:        http://localhost:3000
   - Network:      http://89.169.3.11:3000

 ✓ Starting...
   ▲ Next.js 15.4.4
   - Local:        http://localhost:3000
   - Network:      http://89.169.3.11:3000

 ✓ Starting...
   ▲ Next.js 15.4.4
   - Local:        http://localhost:3000
   - Network:      http://89.169.3.11:3000

 ✓ Starting...
   ▲ Next.js 15.4.4
   - Local:        http://localhost:3000
   - Network:      http://89.169.3.11:3000

 ✓ Starting...
   ▲ Next.js 15.4.4
   - Local:        http://localhost:3000
   - Network:      http://89.169.3.11:3000

 ✓ Starting...
   ▲ Next.js 15.4.4
   - Local:        http://localhost:3000
   - Network:      http://89.169.3.11:3000

 ✓ Starting...
   ▲ Next.js 15.4.4
   - Local:        http://localhost:3000
   - Network:      http://89.169.3.11:3000

 ✓ Starting...
   ▲ Next.js 15.4.4
   - Local:        http://localhost:3000
   - Network:      http://89.169.3.11:3000

 ✓ Starting...
   ▲ Next.js 15.4.4
   - Local:        http://localhost:3000
   - Network:      http://89.169.3.11:3000

 ✓ Starting...
   ▲ Next.js 15.4.4
   - Local:        http://localhost:3000
   - Network:      http://89.169.3.11:3000

 ✓ Starting...
   ▲ Next.js 15.4.4
   - Local:        http://localhost:3000
   - Network:      http://89.169.3.11:3000

 ✓ Starting...
   ▲ Next.js 15.4.4
   - Local:        http://localhost:3000
   - Network:      http://89.169.3.11:3000

 ✓ Starting...
   ▲ Next.js 15.4.4
   - Local:        http://localhost:3000
   - Network:      http://89.169.3.11:3000

 ✓ Starting...
   ▲ Next.js 15.4.4
   - Local:        http://localhost:3000
   - Network:      http://89.169.3.11:3000

 ✓ Starting...
   ▲ Next.js 15.4.4
   - Local:        http://localhost:3000
   - Network:      http://89.169.3.11:3000

 ✓ Starting...
   ▲ Next.js 15.4.4
   - Local:        http://localhost:3000
   - Network:      http://89.169.3.11:3000

 ✓ Starting...
   ▲ Next.js 15.4.4
   - Local:        http://localhost:3000
   - Network:      http://89.169.3.11:3000

 ✓ Starting...
   ▲ Next.js 15.4.4
   - Local:        http://localhost:3000
   - Network:      http://89.169.3.11:3000

 ✓ Starting...
   ▲ Next.js 15.4.4
   - Local:        http://localhost:3000
   - Network:      http://89.169.3.11:3000

 ✓ Starting...
   ▲ Next.js 15.4.4
   - Local:        http://localhost:3000
   - Network:      http://89.169.3.11:3000

 ✓ Starting...
   ▲ Next.js 15.4.4
   - Local:        http://localhost:3000
   - Network:      http://89.169.3.11:3000

 ✓ Starting...
   ▲ Next.js 15.4.4
   - Local:        http://localhost:3000
   - Network:      http://89.169.3.11:3000

 ✓ Starting...
   ▲ Next.js 15.4.4
   - Local:        http://localhost:3000
   - Network:      http://89.169.3.11:3000

 ✓ Starting...
   ▲ Next.js 15.4.4
   - Local:        http://localhost:3000
   - Network:      http://89.169.3.11:3000

 ✓ Starting...
   ▲ Next.js 15.4.4
   - Local:        http://localhost:3000
   - Network:      http://89.169.3.11:3000

 ✓ Starting...
   ▲ Next.js 15.4.4
   - Local:        http://localhost:3000
   - Network:      http://89.169.3.11:3000

 ✓ Starting...
   ▲ Next.js 15.4.4
   - Local:        http://localhost:3000
   - Network:      http://89.169.3.11:3000

 ✓ Starting...
   ▲ Next.js 15.4.4
   - Local:        http://localhost:3000
   - Network:      http://89.169.3.11:3000

 ✓ Starting...
   ▲ Next.js 15.4.4
   - Local:        http://localhost:3000
   - Network:      http://89.169.3.11:3000

 ✓ Starting...
   ▲ Next.js 15.4.4
   - Local:        http://localhost:3000
   - Network:      http://89.169.3.11:3000

 ✓ Starting...
   ▲ Next.js 15.4.4
   - Local:        http://localhost:3000
   - Network:      http://89.169.3.11:3000

 ✓ Starting...
   ▲ Next.js 15.4.4
   - Local:        http://localhost:3000
   - Network:      http://89.169.3.11:3000

 ✓ Starting...
   ▲ Next.js 15.4.4
   - Local:        http://localhost:3000
   - Network:      http://89.169.3.11:3000

 ✓ Starting...
   ▲ Next.js 15.4.4
   - Local:        http://localhost:3000
   - Network:      http://89.169.3.11:3000

 ✓ Starting...
   ▲ Next.js 15.4.4
   - Local:        http://localhost:3000
   - Network:      http://89.169.3.11:3000

 ✓ Starting...
   ▲ Next.js 15.4.4
   - Local:        http://localhost:3000
   - Network:      http://89.169.3.11:3000

 ✓ Starting...
   ▲ Next.js 15.4.4
   - Local:        http://localhost:3000
   - Network:      http://89.169.3.11:3000

 ✓ Starting...
   ▲ Next.js 15.4.4
   - Local:        http://localhost:3000
   - Network:      http://89.169.3.11:3000

 ✓ Starting...
   ▲ Next.js 15.4.4
   - Local:        http://localhost:3000
   - Network:      http://89.169.3.11:3000

 ✓ Starting...
   ▲ Next.js 15.4.4
   - Local:        http://localhost:3000
   - Network:      http://89.169.3.11:3000

 ✓ Starting...
   ▲ Next.js 15.4.4
   - Local:        http://localhost:3000
   - Network:      http://89.169.3.11:3000

 ✓ Starting...
   ▲ Next.js 15.4.4
   - Local:        http://localhost:3000
   - Network:      http://89.169.3.11:3000

 ✓ Starting...
   ▲ Next.js 15.4.4
   - Local:        http://localhost:3000
   - Network:      http://89.169.3.11:3000

 ✓ Starting...
   ▲ Next.js 15.4.4
   - Local:        http://localhost:3000
   - Network:      http://89.169.3.11:3000

 ✓ Starting...
   ▲ Next.js 15.4.4
   - Local:        http://localhost:3000
   - Network:      http://89.169.3.11:3000

 ✓ Starting...
   ▲ Next.js 15.4.4
   - Local:        http://localhost:3000
   - Network:      http://89.169.3.11:3000

 ✓ Starting...
   ▲ Next.js 15.4.4
   - Local:        http://localhost:3000
   - Network:      http://89.169.3.11:3000

 ✓ Starting...
   ▲ Next.js 15.4.4
   - Local:        http://localhost:3000
   - Network:      http://89.169.3.11:3000

 ✓ Starting...
   ▲ Next.js 15.4.4
   - Local:        http://localhost:3000
   - Network:      http://89.169.3.11:3000

 ✓ Starting...
   ▲ Next.js 15.4.4
   - Local:        http://localhost:3000
   - Network:      http://89.169.3.11:3000

 ✓ Starting...
   ▲ Next.js 15.4.4
   - Local:        http://localhost:3000
   - Network:      http://89.169.3.11:3000

 ✓ Starting...
   ▲ Next.js 15.4.4
   - Local:        http://localhost:3000
   - Network:      http://89.169.3.11:3000

 ✓ Starting...
   ▲ Next.js 15.4.4
   - Local:        http://localhost:3000
   - Network:      http://89.169.3.11:3000

 ✓ Starting...
   ▲ Next.js 15.4.4
   - Local:        http://localhost:3000
   - Network:      http://89.169.3.11:3000

 ✓ Starting...
   ▲ Next.js 15.4.4
   - Local:        http://localhost:3000
   - Network:      http://89.169.3.11:3000

 ✓ Starting...
 ✓ Ready in 1705ms
   ▲ Next.js 15.4.4
   - Local:        http://localhost:3000
   - Network:      http://89.169.3.11:3000

 ✓ Starting...
 ✓ Ready in 1457ms
   ▲ Next.js 15.4.4
   - Local:        http://localhost:3000
   - Network:      http://89.169.3.11:3000

 ✓ Starting...
 ✓ Ready in 1536ms
   ▲ Next.js 15.4.4
   - Local:        http://localhost:3000
   - Network:      http://89.169.3.11:3000

 ✓ Starting...
 ✓ Ready in 1493ms
   ▲ Next.js 15.4.4
   - Local:        http://localhost:3000
   - Network:      http://89.169.3.11:3000

 ✓ Starting...
 ✓ Ready in 1333ms
   ▲ Next.js 15.4.4
   - Local:        http://localhost:3000
   - Network:      http://89.169.3.11:3000

 ✓ Starting...
 ✓ Ready in 1718ms
   ▲ Next.js 15.4.4
   - Local:        http://localhost:3000
   - Network:      http://89.169.3.11:3000

 ✓ Starting...
 ✓ Ready in 1489ms
   ▲ Next.js 15.4.4
   - Local:        http://localhost:3000
   - Network:      http://89.169.3.11:3000

 ✓ Starting...
 ✓ Ready in 1492ms
